<?xml version="1.0" encoding="UTF-8"?>
<testsuite xmlns:xsi="http://www.w3.org/2001/XMLSchema-instance" xsi:noNamespaceSchemaLocation="https://maven.apache.org/surefire/maven-surefire-plugin/xsd/surefire-test-report-3.0.xsd" version="3.0" name="com.nonder.rest_app.RestAppApplicationTests" time="1.54" tests="1" errors="0" skipped="0" failures="0">
  <properties>
    <property name="java.specification.version" value="21"/>
    <property name="sun.jnu.encoding" value="UTF-8"/>
    <property name="java.class.path" value="/Users/nihat.onder/Documents/devarea/sandbox/rest-client/target/test-classes:/Users/nihat.onder/Documents/devarea/sandbox/rest-client/target/classes:/Users/nihat.onder/.m2/repository/org/springframework/boot/spring-boot-starter-web/3.3.4/spring-boot-starter-web-3.3.4.jar:/Users/nihat.onder/.m2/repository/org/springframework/boot/spring-boot-starter/3.3.4/spring-boot-starter-3.3.4.jar:/Users/nihat.onder/.m2/repository/org/springframework/boot/spring-boot/3.3.4/spring-boot-3.3.4.jar:/Users/nihat.onder/.m2/repository/org/springframework/boot/spring-boot-autoconfigure/3.3.4/spring-boot-autoconfigure-3.3.4.jar:/Users/nihat.onder/.m2/repository/org/springframework/boot/spring-boot-starter-logging/3.3.4/spring-boot-starter-logging-3.3.4.jar:/Users/nihat.onder/.m2/repository/ch/qos/logback/logback-classic/1.5.8/logback-classic-1.5.8.jar:/Users/nihat.onder/.m2/repository/ch/qos/logback/logback-core/1.5.8/logback-core-1.5.8.jar:/Users/nihat.onder/.m2/repository/org/apache/logging/log4j/log4j-to-slf4j/2.23.1/log4j-to-slf4j-2.23.1.jar:/Users/nihat.onder/.m2/repository/org/apache/logging/log4j/log4j-api/2.23.1/log4j-api-2.23.1.jar:/Users/nihat.onder/.m2/repository/org/slf4j/jul-to-slf4j/2.0.16/jul-to-slf4j-2.0.16.jar:/Users/nihat.onder/.m2/repository/jakarta/annotation/jakarta.annotation-api/2.1.1/jakarta.annotation-api-2.1.1.jar:/Users/nihat.onder/.m2/repository/org/yaml/snakeyaml/2.2/snakeyaml-2.2.jar:/Users/nihat.onder/.m2/repository/org/springframework/boot/spring-boot-starter-json/3.3.4/spring-boot-starter-json-3.3.4.jar:/Users/nihat.onder/.m2/repository/com/fasterxml/jackson/core/jackson-databind/2.17.2/jackson-databind-2.17.2.jar:/Users/nihat.onder/.m2/repository/com/fasterxml/jackson/core/jackson-annotations/2.17.2/jackson-annotations-2.17.2.jar:/Users/nihat.onder/.m2/repository/com/fasterxml/jackson/core/jackson-core/2.17.2/jackson-core-2.17.2.jar:/Users/nihat.onder/.m2/repository/com/fasterxml/jackson/datatype/jackson-datatype-jdk8/2.17.2/jackson-datatype-jdk8-2.17.2.jar:/Users/nihat.onder/.m2/repository/com/fasterxml/jackson/datatype/jackson-datatype-jsr310/2.17.2/jackson-datatype-jsr310-2.17.2.jar:/Users/nihat.onder/.m2/repository/com/fasterxml/jackson/module/jackson-module-parameter-names/2.17.2/jackson-module-parameter-names-2.17.2.jar:/Users/nihat.onder/.m2/repository/org/springframework/boot/spring-boot-starter-tomcat/3.3.4/spring-boot-starter-tomcat-3.3.4.jar:/Users/nihat.onder/.m2/repository/org/apache/tomcat/embed/tomcat-embed-core/10.1.30/tomcat-embed-core-10.1.30.jar:/Users/nihat.onder/.m2/repository/org/apache/tomcat/embed/tomcat-embed-el/10.1.30/tomcat-embed-el-10.1.30.jar:/Users/nihat.onder/.m2/repository/org/apache/tomcat/embed/tomcat-embed-websocket/10.1.30/tomcat-embed-websocket-10.1.30.jar:/Users/nihat.onder/.m2/repository/org/springframework/spring-web/6.1.13/spring-web-6.1.13.jar:/Users/nihat.onder/.m2/repository/org/springframework/spring-beans/6.1.13/spring-beans-6.1.13.jar:/Users/nihat.onder/.m2/repository/io/micrometer/micrometer-observation/1.13.4/micrometer-observation-1.13.4.jar:/Users/nihat.onder/.m2/repository/io/micrometer/micrometer-commons/1.13.4/micrometer-commons-1.13.4.jar:/Users/nihat.onder/.m2/repository/org/springframework/spring-webmvc/6.1.13/spring-webmvc-6.1.13.jar:/Users/nihat.onder/.m2/repository/org/springframework/spring-aop/6.1.13/spring-aop-6.1.13.jar:/Users/nihat.onder/.m2/repository/org/springframework/spring-context/6.1.13/spring-context-6.1.13.jar:/Users/nihat.onder/.m2/repository/org/springframework/spring-expression/6.1.13/spring-expression-6.1.13.jar:/Users/nihat.onder/.m2/repository/com/google/cloud/spring-cloud-gcp-starter/5.6.1/spring-cloud-gcp-starter-5.6.1.jar:/Users/nihat.onder/.m2/repository/com/google/cloud/spring-cloud-gcp-core/5.6.1/spring-cloud-gcp-core-5.6.1.jar:/Users/nihat.onder/.m2/repository/com/google/cloud/google-cloud-core/2.43.0/google-cloud-core-2.43.0.jar:/Users/nihat.onder/.m2/repository/com/google/api/gax/2.53.0/gax-2.53.0.jar:/Users/nihat.onder/.m2/repository/com/google/protobuf/protobuf-java-util/3.25.4/protobuf-java-util-3.25.4.jar:/Users/nihat.onder/.m2/repository/com/google/api/grpc/proto-google-common-protos/2.44.0/proto-google-common-protos-2.44.0.jar:/Users/nihat.onder/.m2/repository/com/google/api/grpc/proto-google-iam-v1/1.39.0/proto-google-iam-v1-1.39.0.jar:/Users/nihat.onder/.m2/repository/org/threeten/threetenbp/1.6.9/threetenbp-1.6.9.jar:/Users/nihat.onder/.m2/repository/com/google/api/api-common/2.36.0/api-common-2.36.0.jar:/Users/nihat.onder/.m2/repository/javax/annotation/javax.annotation-api/1.3.2/javax.annotation-api-1.3.2.jar:/Users/nihat.onder/.m2/repository/com/google/protobuf/protobuf-java/3.25.4/protobuf-java-3.25.4.jar:/Users/nihat.onder/.m2/repository/com/google/cloud/spring-cloud-gcp-autoconfigure/5.6.1/spring-cloud-gcp-autoconfigure-5.6.1.jar:/Users/nihat.onder/.m2/repository/org/apache/commons/commons-lang3/3.14.0/commons-lang3-3.14.0.jar:/Users/nihat.onder/.m2/repository/org/slf4j/slf4j-api/2.0.16/slf4j-api-2.0.16.jar:/Users/nihat.onder/.m2/repository/com/google/auth/google-auth-library-oauth2-http/1.23.0/google-auth-library-oauth2-http-1.23.0.jar:/Users/nihat.onder/.m2/repository/com/google/auto/value/auto-value-annotations/1.11.0/auto-value-annotations-1.11.0.jar:/Users/nihat.onder/.m2/repository/com/google/code/findbugs/jsr305/3.0.2/jsr305-3.0.2.jar:/Users/nihat.onder/.m2/repository/com/google/auth/google-auth-library-credentials/1.25.0/google-auth-library-credentials-1.25.0.jar:/Users/nihat.onder/.m2/repository/com/google/http-client/google-http-client/1.45.0/google-http-client-1.45.0.jar:/Users/nihat.onder/.m2/repository/org/apache/httpcomponents/httpclient/4.5.14/httpclient-4.5.14.jar:/Users/nihat.onder/.m2/repository/commons-codec/commons-codec/1.16.1/commons-codec-1.16.1.jar:/Users/nihat.onder/.m2/repository/org/apache/httpcomponents/httpcore/4.4.16/httpcore-4.4.16.jar:/Users/nihat.onder/.m2/repository/com/google/j2objc/j2objc-annotations/3.0.0/j2objc-annotations-3.0.0.jar:/Users/nihat.onder/.m2/repository/io/grpc/grpc-context/1.66.0/grpc-context-1.66.0.jar:/Users/nihat.onder/.m2/repository/io/grpc/grpc-api/1.66.0/grpc-api-1.66.0.jar:/Users/nihat.onder/.m2/repository/io/opencensus/opencensus-api/0.31.1/opencensus-api-0.31.1.jar:/Users/nihat.onder/.m2/repository/io/opencensus/opencensus-contrib-http-util/0.31.1/opencensus-contrib-http-util-0.31.1.jar:/Users/nihat.onder/.m2/repository/com/google/http-client/google-http-client-gson/1.45.0/google-http-client-gson-1.45.0.jar:/Users/nihat.onder/.m2/repository/com/google/code/gson/gson/2.10.1/gson-2.10.1.jar:/Users/nihat.onder/.m2/repository/com/google/guava/guava/33.3.0-jre/guava-33.3.0-jre.jar:/Users/nihat.onder/.m2/repository/com/google/guava/failureaccess/1.0.2/failureaccess-1.0.2.jar:/Users/nihat.onder/.m2/repository/com/google/guava/listenablefuture/9999.0-empty-to-avoid-conflict-with-guava/listenablefuture-9999.0-empty-to-avoid-conflict-with-guava.jar:/Users/nihat.onder/.m2/repository/org/checkerframework/checker-qual/3.43.0/checker-qual-3.43.0.jar:/Users/nihat.onder/.m2/repository/com/google/errorprone/error_prone_annotations/2.18.0/error_prone_annotations-2.18.0.jar:/Users/nihat.onder/.m2/repository/org/projectlombok/lombok/1.18.34/lombok-1.18.34.jar:/Users/nihat.onder/.m2/repository/org/springframework/boot/spring-boot-starter-test/3.3.4/spring-boot-starter-test-3.3.4.jar:/Users/nihat.onder/.m2/repository/org/springframework/boot/spring-boot-test/3.3.4/spring-boot-test-3.3.4.jar:/Users/nihat.onder/.m2/repository/org/springframework/boot/spring-boot-test-autoconfigure/3.3.4/spring-boot-test-autoconfigure-3.3.4.jar:/Users/nihat.onder/.m2/repository/com/jayway/jsonpath/json-path/2.9.0/json-path-2.9.0.jar:/Users/nihat.onder/.m2/repository/jakarta/xml/bind/jakarta.xml.bind-api/4.0.2/jakarta.xml.bind-api-4.0.2.jar:/Users/nihat.onder/.m2/repository/jakarta/activation/jakarta.activation-api/2.1.3/jakarta.activation-api-2.1.3.jar:/Users/nihat.onder/.m2/repository/net/minidev/json-smart/2.5.1/json-smart-2.5.1.jar:/Users/nihat.onder/.m2/repository/net/minidev/accessors-smart/2.5.1/accessors-smart-2.5.1.jar:/Users/nihat.onder/.m2/repository/org/ow2/asm/asm/9.6/asm-9.6.jar:/Users/nihat.onder/.m2/repository/org/assertj/assertj-core/3.25.3/assertj-core-3.25.3.jar:/Users/nihat.onder/.m2/repository/net/bytebuddy/byte-buddy/1.14.19/byte-buddy-1.14.19.jar:/Users/nihat.onder/.m2/repository/org/awaitility/awaitility/4.2.2/awaitility-4.2.2.jar:/Users/nihat.onder/.m2/repository/org/hamcrest/hamcrest/2.2/hamcrest-2.2.jar:/Users/nihat.onder/.m2/repository/org/junit/jupiter/junit-jupiter/5.10.3/junit-jupiter-5.10.3.jar:/Users/nihat.onder/.m2/repository/org/junit/jupiter/junit-jupiter-api/5.10.3/junit-jupiter-api-5.10.3.jar:/Users/nihat.onder/.m2/repository/org/opentest4j/opentest4j/1.3.0/opentest4j-1.3.0.jar:/Users/nihat.onder/.m2/repository/org/junit/platform/junit-platform-commons/1.10.3/junit-platform-commons-1.10.3.jar:/Users/nihat.onder/.m2/repository/org/apiguardian/apiguardian-api/1.1.2/apiguardian-api-1.1.2.jar:/Users/nihat.onder/.m2/repository/org/junit/jupiter/junit-jupiter-params/5.10.3/junit-jupiter-params-5.10.3.jar:/Users/nihat.onder/.m2/repository/org/junit/jupiter/junit-jupiter-engine/5.10.3/junit-jupiter-engine-5.10.3.jar:/Users/nihat.onder/.m2/repository/org/junit/platform/junit-platform-engine/1.10.3/junit-platform-engine-1.10.3.jar:/Users/nihat.onder/.m2/repository/org/mockito/mockito-core/5.11.0/mockito-core-5.11.0.jar:/Users/nihat.onder/.m2/repository/net/bytebuddy/byte-buddy-agent/1.14.19/byte-buddy-agent-1.14.19.jar:/Users/nihat.onder/.m2/repository/org/objenesis/objenesis/3.3/objenesis-3.3.jar:/Users/nihat.onder/.m2/repository/org/mockito/mockito-junit-jupiter/5.11.0/mockito-junit-jupiter-5.11.0.jar:/Users/nihat.onder/.m2/repository/org/skyscreamer/jsonassert/1.5.3/jsonassert-1.5.3.jar:/Users/nihat.onder/.m2/repository/com/vaadin/external/google/android-json/0.0.20131108.vaadin1/android-json-0.0.20131108.vaadin1.jar:/Users/nihat.onder/.m2/repository/org/springframework/spring-core/6.1.13/spring-core-6.1.13.jar:/Users/nihat.onder/.m2/repository/org/springframework/spring-jcl/6.1.13/spring-jcl-6.1.13.jar:/Users/nihat.onder/.m2/repository/org/springframework/spring-test/6.1.13/spring-test-6.1.13.jar:/Users/nihat.onder/.m2/repository/org/xmlunit/xmlunit-core/2.9.1/xmlunit-core-2.9.1.jar:"/>
    <property name="java.vm.vendor" value="Oracle Corporation"/>
    <property name="sun.arch.data.model" value="64"/>
    <property name="java.vendor.url" value="https://java.oracle.com/"/>
    <property name="user.timezone" value="Europe/Istanbul"/>
    <property name="os.name" value="Mac OS X"/>
    <property name="java.vm.specification.version" value="21"/>
    <property name="sun.java.launcher" value="SUN_STANDARD"/>
    <property name="user.country" value="TR"/>
    <property name="sun.boot.library.path" value="/Library/Java/JavaVirtualMachines/jdk-21.jdk/Contents/Home/lib"/>
    <property name="sun.java.command" value="/Users/nihat.onder/Documents/devarea/sandbox/rest-client/target/surefire/surefirebooter-20251003232021906_3.jar /Users/nihat.onder/Documents/devarea/sandbox/rest-client/target/surefire 2025-10-03T23-20-21_853-jvmRun1 surefire-20251003232021906_1tmp surefire_0-20251003232021906_2tmp"/>
    <property name="jdk.debug" value="release"/>
    <property name="surefire.test.class.path" value="/Users/nihat.onder/Documents/devarea/sandbox/rest-client/target/test-classes:/Users/nihat.onder/Documents/devarea/sandbox/rest-client/target/classes:/Users/nihat.onder/.m2/repository/org/springframework/boot/spring-boot-starter-web/3.3.4/spring-boot-starter-web-3.3.4.jar:/Users/nihat.onder/.m2/repository/org/springframework/boot/spring-boot-starter/3.3.4/spring-boot-starter-3.3.4.jar:/Users/nihat.onder/.m2/repository/org/springframework/boot/spring-boot/3.3.4/spring-boot-3.3.4.jar:/Users/nihat.onder/.m2/repository/org/springframework/boot/spring-boot-autoconfigure/3.3.4/spring-boot-autoconfigure-3.3.4.jar:/Users/nihat.onder/.m2/repository/org/springframework/boot/spring-boot-starter-logging/3.3.4/spring-boot-starter-logging-3.3.4.jar:/Users/nihat.onder/.m2/repository/ch/qos/logback/logback-classic/1.5.8/logback-classic-1.5.8.jar:/Users/nihat.onder/.m2/repository/ch/qos/logback/logback-core/1.5.8/logback-core-1.5.8.jar:/Users/nihat.onder/.m2/repository/org/apache/logging/log4j/log4j-to-slf4j/2.23.1/log4j-to-slf4j-2.23.1.jar:/Users/nihat.onder/.m2/repository/org/apache/logging/log4j/log4j-api/2.23.1/log4j-api-2.23.1.jar:/Users/nihat.onder/.m2/repository/org/slf4j/jul-to-slf4j/2.0.16/jul-to-slf4j-2.0.16.jar:/Users/nihat.onder/.m2/repository/jakarta/annotation/jakarta.annotation-api/2.1.1/jakarta.annotation-api-2.1.1.jar:/Users/nihat.onder/.m2/repository/org/yaml/snakeyaml/2.2/snakeyaml-2.2.jar:/Users/nihat.onder/.m2/repository/org/springframework/boot/spring-boot-starter-json/3.3.4/spring-boot-starter-json-3.3.4.jar:/Users/nihat.onder/.m2/repository/com/fasterxml/jackson/core/jackson-databind/2.17.2/jackson-databind-2.17.2.jar:/Users/nihat.onder/.m2/repository/com/fasterxml/jackson/core/jackson-annotations/2.17.2/jackson-annotations-2.17.2.jar:/Users/nihat.onder/.m2/repository/com/fasterxml/jackson/core/jackson-core/2.17.2/jackson-core-2.17.2.jar:/Users/nihat.onder/.m2/repository/com/fasterxml/jackson/datatype/jackson-datatype-jdk8/2.17.2/jackson-datatype-jdk8-2.17.2.jar:/Users/nihat.onder/.m2/repository/com/fasterxml/jackson/datatype/jackson-datatype-jsr310/2.17.2/jackson-datatype-jsr310-2.17.2.jar:/Users/nihat.onder/.m2/repository/com/fasterxml/jackson/module/jackson-module-parameter-names/2.17.2/jackson-module-parameter-names-2.17.2.jar:/Users/nihat.onder/.m2/repository/org/springframework/boot/spring-boot-starter-tomcat/3.3.4/spring-boot-starter-tomcat-3.3.4.jar:/Users/nihat.onder/.m2/repository/org/apache/tomcat/embed/tomcat-embed-core/10.1.30/tomcat-embed-core-10.1.30.jar:/Users/nihat.onder/.m2/repository/org/apache/tomcat/embed/tomcat-embed-el/10.1.30/tomcat-embed-el-10.1.30.jar:/Users/nihat.onder/.m2/repository/org/apache/tomcat/embed/tomcat-embed-websocket/10.1.30/tomcat-embed-websocket-10.1.30.jar:/Users/nihat.onder/.m2/repository/org/springframework/spring-web/6.1.13/spring-web-6.1.13.jar:/Users/nihat.onder/.m2/repository/org/springframework/spring-beans/6.1.13/spring-beans-6.1.13.jar:/Users/nihat.onder/.m2/repository/io/micrometer/micrometer-observation/1.13.4/micrometer-observation-1.13.4.jar:/Users/nihat.onder/.m2/repository/io/micrometer/micrometer-commons/1.13.4/micrometer-commons-1.13.4.jar:/Users/nihat.onder/.m2/repository/org/springframework/spring-webmvc/6.1.13/spring-webmvc-6.1.13.jar:/Users/nihat.onder/.m2/repository/org/springframework/spring-aop/6.1.13/spring-aop-6.1.13.jar:/Users/nihat.onder/.m2/repository/org/springframework/spring-context/6.1.13/spring-context-6.1.13.jar:/Users/nihat.onder/.m2/repository/org/springframework/spring-expression/6.1.13/spring-expression-6.1.13.jar:/Users/nihat.onder/.m2/repository/com/google/cloud/spring-cloud-gcp-starter/5.6.1/spring-cloud-gcp-starter-5.6.1.jar:/Users/nihat.onder/.m2/repository/com/google/cloud/spring-cloud-gcp-core/5.6.1/spring-cloud-gcp-core-5.6.1.jar:/Users/nihat.onder/.m2/repository/com/google/cloud/google-cloud-core/2.43.0/google-cloud-core-2.43.0.jar:/Users/nihat.onder/.m2/repository/com/google/api/gax/2.53.0/gax-2.53.0.jar:/Users/nihat.onder/.m2/repository/com/google/protobuf/protobuf-java-util/3.25.4/protobuf-java-util-3.25.4.jar:/Users/nihat.onder/.m2/repository/com/google/api/grpc/proto-google-common-protos/2.44.0/proto-google-common-protos-2.44.0.jar:/Users/nihat.onder/.m2/repository/com/google/api/grpc/proto-google-iam-v1/1.39.0/proto-google-iam-v1-1.39.0.jar:/Users/nihat.onder/.m2/repository/org/threeten/threetenbp/1.6.9/threetenbp-1.6.9.jar:/Users/nihat.onder/.m2/repository/com/google/api/api-common/2.36.0/api-common-2.36.0.jar:/Users/nihat.onder/.m2/repository/javax/annotation/javax.annotation-api/1.3.2/javax.annotation-api-1.3.2.jar:/Users/nihat.onder/.m2/repository/com/google/protobuf/protobuf-java/3.25.4/protobuf-java-3.25.4.jar:/Users/nihat.onder/.m2/repository/com/google/cloud/spring-cloud-gcp-autoconfigure/5.6.1/spring-cloud-gcp-autoconfigure-5.6.1.jar:/Users/nihat.onder/.m2/repository/org/apache/commons/commons-lang3/3.14.0/commons-lang3-3.14.0.jar:/Users/nihat.onder/.m2/repository/org/slf4j/slf4j-api/2.0.16/slf4j-api-2.0.16.jar:/Users/nihat.onder/.m2/repository/com/google/auth/google-auth-library-oauth2-http/1.23.0/google-auth-library-oauth2-http-1.23.0.jar:/Users/nihat.onder/.m2/repository/com/google/auto/value/auto-value-annotations/1.11.0/auto-value-annotations-1.11.0.jar:/Users/nihat.onder/.m2/repository/com/google/code/findbugs/jsr305/3.0.2/jsr305-3.0.2.jar:/Users/nihat.onder/.m2/repository/com/google/auth/google-auth-library-credentials/1.25.0/google-auth-library-credentials-1.25.0.jar:/Users/nihat.onder/.m2/repository/com/google/http-client/google-http-client/1.45.0/google-http-client-1.45.0.jar:/Users/nihat.onder/.m2/repository/org/apache/httpcomponents/httpclient/4.5.14/httpclient-4.5.14.jar:/Users/nihat.onder/.m2/repository/commons-codec/commons-codec/1.16.1/commons-codec-1.16.1.jar:/Users/nihat.onder/.m2/repository/org/apache/httpcomponents/httpcore/4.4.16/httpcore-4.4.16.jar:/Users/nihat.onder/.m2/repository/com/google/j2objc/j2objc-annotations/3.0.0/j2objc-annotations-3.0.0.jar:/Users/nihat.onder/.m2/repository/io/grpc/grpc-context/1.66.0/grpc-context-1.66.0.jar:/Users/nihat.onder/.m2/repository/io/grpc/grpc-api/1.66.0/grpc-api-1.66.0.jar:/Users/nihat.onder/.m2/repository/io/opencensus/opencensus-api/0.31.1/opencensus-api-0.31.1.jar:/Users/nihat.onder/.m2/repository/io/opencensus/opencensus-contrib-http-util/0.31.1/opencensus-contrib-http-util-0.31.1.jar:/Users/nihat.onder/.m2/repository/com/google/http-client/google-http-client-gson/1.45.0/google-http-client-gson-1.45.0.jar:/Users/nihat.onder/.m2/repository/com/google/code/gson/gson/2.10.1/gson-2.10.1.jar:/Users/nihat.onder/.m2/repository/com/google/guava/guava/33.3.0-jre/guava-33.3.0-jre.jar:/Users/nihat.onder/.m2/repository/com/google/guava/failureaccess/1.0.2/failureaccess-1.0.2.jar:/Users/nihat.onder/.m2/repository/com/google/guava/listenablefuture/9999.0-empty-to-avoid-conflict-with-guava/listenablefuture-9999.0-empty-to-avoid-conflict-with-guava.jar:/Users/nihat.onder/.m2/repository/org/checkerframework/checker-qual/3.43.0/checker-qual-3.43.0.jar:/Users/nihat.onder/.m2/repository/com/google/errorprone/error_prone_annotations/2.18.0/error_prone_annotations-2.18.0.jar:/Users/nihat.onder/.m2/repository/org/projectlombok/lombok/1.18.34/lombok-1.18.34.jar:/Users/nihat.onder/.m2/repository/org/springframework/boot/spring-boot-starter-test/3.3.4/spring-boot-starter-test-3.3.4.jar:/Users/nihat.onder/.m2/repository/org/springframework/boot/spring-boot-test/3.3.4/spring-boot-test-3.3.4.jar:/Users/nihat.onder/.m2/repository/org/springframework/boot/spring-boot-test-autoconfigure/3.3.4/spring-boot-test-autoconfigure-3.3.4.jar:/Users/nihat.onder/.m2/repository/com/jayway/jsonpath/json-path/2.9.0/json-path-2.9.0.jar:/Users/nihat.onder/.m2/repository/jakarta/xml/bind/jakarta.xml.bind-api/4.0.2/jakarta.xml.bind-api-4.0.2.jar:/Users/nihat.onder/.m2/repository/jakarta/activation/jakarta.activation-api/2.1.3/jakarta.activation-api-2.1.3.jar:/Users/nihat.onder/.m2/repository/net/minidev/json-smart/2.5.1/json-smart-2.5.1.jar:/Users/nihat.onder/.m2/repository/net/minidev/accessors-smart/2.5.1/accessors-smart-2.5.1.jar:/Users/nihat.onder/.m2/repository/org/ow2/asm/asm/9.6/asm-9.6.jar:/Users/nihat.onder/.m2/repository/org/assertj/assertj-core/3.25.3/assertj-core-3.25.3.jar:/Users/nihat.onder/.m2/repository/net/bytebuddy/byte-buddy/1.14.19/byte-buddy-1.14.19.jar:/Users/nihat.onder/.m2/repository/org/awaitility/awaitility/4.2.2/awaitility-4.2.2.jar:/Users/nihat.onder/.m2/repository/org/hamcrest/hamcrest/2.2/hamcrest-2.2.jar:/Users/nihat.onder/.m2/repository/org/junit/jupiter/junit-jupiter/5.10.3/junit-jupiter-5.10.3.jar:/Users/nihat.onder/.m2/repository/org/junit/jupiter/junit-jupiter-api/5.10.3/junit-jupiter-api-5.10.3.jar:/Users/nihat.onder/.m2/repository/org/opentest4j/opentest4j/1.3.0/opentest4j-1.3.0.jar:/Users/nihat.onder/.m2/repository/org/junit/platform/junit-platform-commons/1.10.3/junit-platform-commons-1.10.3.jar:/Users/nihat.onder/.m2/repository/org/apiguardian/apiguardian-api/1.1.2/apiguardian-api-1.1.2.jar:/Users/nihat.onder/.m2/repository/org/junit/jupiter/junit-jupiter-params/5.10.3/junit-jupiter-params-5.10.3.jar:/Users/nihat.onder/.m2/repository/org/junit/jupiter/junit-jupiter-engine/5.10.3/junit-jupiter-engine-5.10.3.jar:/Users/nihat.onder/.m2/repository/org/junit/platform/junit-platform-engine/1.10.3/junit-platform-engine-1.10.3.jar:/Users/nihat.onder/.m2/repository/org/mockito/mockito-core/5.11.0/mockito-core-5.11.0.jar:/Users/nihat.onder/.m2/repository/net/bytebuddy/byte-buddy-agent/1.14.19/byte-buddy-agent-1.14.19.jar:/Users/nihat.onder/.m2/repository/org/objenesis/objenesis/3.3/objenesis-3.3.jar:/Users/nihat.onder/.m2/repository/org/mockito/mockito-junit-jupiter/5.11.0/mockito-junit-jupiter-5.11.0.jar:/Users/nihat.onder/.m2/repository/org/skyscreamer/jsonassert/1.5.3/jsonassert-1.5.3.jar:/Users/nihat.onder/.m2/repository/com/vaadin/external/google/android-json/0.0.20131108.vaadin1/android-json-0.0.20131108.vaadin1.jar:/Users/nihat.onder/.m2/repository/org/springframework/spring-core/6.1.13/spring-core-6.1.13.jar:/Users/nihat.onder/.m2/repository/org/springframework/spring-jcl/6.1.13/spring-jcl-6.1.13.jar:/Users/nihat.onder/.m2/repository/org/springframework/spring-test/6.1.13/spring-test-6.1.13.jar:/Users/nihat.onder/.m2/repository/org/xmlunit/xmlunit-core/2.9.1/xmlunit-core-2.9.1.jar:"/>
    <property name="sun.cpu.endian" value="little"/>
    <property name="user.home" value="/Users/nihat.onder"/>
    <property name="user.language" value="en"/>
    <property name="java.specification.vendor" value="Oracle Corporation"/>
    <property name="java.version.date" value="2024-04-16"/>
    <property name="java.home" value="/Library/Java/JavaVirtualMachines/jdk-21.jdk/Contents/Home"/>
    <property name="file.separator" value="/"/>
    <property name="basedir" value="/Users/nihat.onder/Documents/devarea/sandbox/rest-client"/>
    <property name="java.vm.compressedOopsMode" value="Zero based"/>
    <property name="line.separator" value="&#10;"/>
    <property name="java.vm.specification.vendor" value="Oracle Corporation"/>
    <property name="java.specification.name" value="Java Platform API Specification"/>
    <property name="FILE_LOG_CHARSET" value="UTF-8"/>
    <property name="java.awt.headless" value="true"/>
    <property name="apple.awt.application.name" value="ForkedBooter"/>
    <property name="surefire.real.class.path" value="/Users/nihat.onder/Documents/devarea/sandbox/rest-client/target/surefire/surefirebooter-20251003232021906_3.jar"/>
    <property name="sun.management.compiler" value="HotSpot 64-Bit Tiered Compilers"/>
    <property name="java.runtime.version" value="21.0.3+7-LTS-152"/>
    <property name="user.name" value="nihat.onder"/>
    <property name="stdout.encoding" value="UTF-8"/>
    <property name="path.separator" value=":"/>
    <property name="os.version" value="15.7"/>
    <property name="java.runtime.name" value="Java(TM) SE Runtime Environment"/>
    <property name="file.encoding" value="UTF-8"/>
    <property name="java.vm.name" value="Java HotSpot(TM) 64-Bit Server VM"/>
    <property name="localRepository" value="/Users/nihat.onder/.m2/repository"/>
    <property name="java.vendor.url.bug" value="https://bugreport.java.com/bugreport/"/>
    <property name="java.io.tmpdir" value="/var/folders/f6/wzrz5w29657f2v2657f4v69r0000gq/T/"/>
    <property name="java.version" value="21.0.3"/>
    <property name="user.dir" value="/Users/nihat.onder/Documents/devarea/sandbox/rest-client"/>
    <property name="os.arch" value="aarch64"/>
    <property name="java.vm.specification.name" value="Java Virtual Machine Specification"/>
    <property name="PID" value="51501"/>
    <property name="CONSOLE_LOG_CHARSET" value="UTF-8"/>
    <property name="native.encoding" value="UTF-8"/>
    <property name="java.library.path" value="/Users/nihat.onder/Library/Java/Extensions:/Library/Java/Extensions:/Network/Library/Java/Extensions:/System/Library/Java/Extensions:/usr/lib/java:."/>
    <property name="java.vm.info" value="mixed mode, sharing"/>
    <property name="stderr.encoding" value="UTF-8"/>
    <property name="java.vendor" value="Oracle Corporation"/>
    <property name="java.vm.version" value="21.0.3+7-LTS-152"/>
    <property name="sun.io.unicode.encoding" value="UnicodeBig"/>
    <property name="java.class.version" value="65.0"/>
    <property name="LOGGED_APPLICATION_NAME" value="[gcp-oauth2-client] "/>
  </properties>
  <testcase name="contextLoads" classname="com.nonder.rest_app.RestAppApplicationTests" time="0.471">
    <system-out><![CDATA[23:20:22.360 [main] INFO org.springframework.test.context.support.AnnotationConfigContextLoaderUtils -- Could not detect default configuration classes for test class [com.nonder.rest_app.RestAppApplicationTests]: RestAppApplicationTests does not declare any static, non-private, non-final, nested classes annotated with @Configuration.
23:20:22.412 [main] INFO org.springframework.boot.test.context.SpringBootTestContextBootstrapper -- Found @SpringBootConfiguration com.nonder.rest_app.RestAppApplication for test class com.nonder.rest_app.RestAppApplicationTests

  .   ____          _            __ _ _
 /\\ / ___'_ __ _ _(_)_ __  __ _ \ \ \ \
( ( )\___ | '_ | '_| | '_ \/ _` | \ \ \ \
 \\/  ___)| |_)| | | | | || (_| |  ) ) ) )
  '  |____| .__|_| |_|_| |_\__, | / / / /
 =========|_|==============|___/=/_/_/_/

 :: Spring Boot ::                (v3.3.4)

2025-10-03T23:20:22.621+03:00  INFO 51501 --- [gcp-oauth2-client] [           main] c.n.rest_app.RestAppApplicationTests     : Starting RestAppApplicationTests using Java 21.0.3 with PID 51501 (started by nihat.onder in /Users/nihat.onder/Documents/devarea/sandbox/rest-client)
2025-10-03T23:20:22.622+03:00  INFO 51501 --- [gcp-oauth2-client] [           main] c.n.rest_app.RestAppApplicationTests     : No active profile set, falling back to 1 default profile: "default"
2025-10-03T23:20:23.239+03:00  INFO 51501 --- [gcp-oauth2-client] [           main] c.g.c.s.core.DefaultCredentialsProvider  : Default credentials provider for user 764086051850-6qr4p6gpi6hn506pt8ejuq83di341hur.apps.googleusercontent.com
2025-10-03T23:20:23.240+03:00  INFO 51501 --- [gcp-oauth2-client] [           main] c.g.c.s.core.DefaultCredentialsProvider  : Scopes in use by default credentials: [https://www.googleapis.com/auth/pubsub, https://www.googleapis.com/auth/spanner.admin, https://www.googleapis.com/auth/spanner.data, https://www.googleapis.com/auth/datastore, https://www.googleapis.com/auth/sqlservice.admin, https://www.googleapis.com/auth/devstorage.read_only, https://www.googleapis.com/auth/devstorage.read_write, https://www.googleapis.com/auth/cloudruntimeconfig, https://www.googleapis.com/auth/trace.append, https://www.googleapis.com/auth/cloud-platform, https://www.googleapis.com/auth/cloud-vision, https://www.googleapis.com/auth/bigquery, https://www.googleapis.com/auth/monitoring.write]
2025-10-03T23:20:23.290+03:00  INFO 51501 --- [gcp-oauth2-client] [           main] c.g.c.s.a.c.GcpContextAutoConfiguration  : The default project ID is rest-app-008
2025-10-03T23:20:23.333+03:00  INFO 51501 --- [gcp-oauth2-client] [           main] c.n.rest_app.RestAppApplicationTests     : Started RestAppApplicationTests in 0.86 seconds (process running for 1.32)
]]></system-out>
    <system-err><![CDATA[WARNING: A Java agent has been loaded dynamically (/Users/nihat.onder/.m2/repository/net/bytebuddy/byte-buddy-agent/1.14.19/byte-buddy-agent-1.14.19.jar)
WARNING: If a serviceability tool is in use, please run with -XX:+EnableDynamicAgentLoading to hide this warning
WARNING: If a serviceability tool is not in use, please run with -Djdk.instrument.traceUsage for more information
WARNING: Dynamic loading of agents will be disallowed by default in a future release
]]></system-err>
  </testcase>
</testsuite>